# JRE version: OpenJDK Runtime Environment Temurin-21.0.10+7 (21.0.10+7) (build 21.0.10+7-LTS)
# Java VM: OpenJDK 64-Bit Server VM Temurin-21.0.10+7 (21.0.10+7-LTS, mixed mode, sharing, tiered, compressed oops, compressed class ptrs, parallel gc, windows-amd64)
GC Precious Log:
 CardTable entry size: 512
 CPUs: 12 total, 12 available
 Memory: 8016M
 Large Page Support: Disabled
 NUMA Support: Disabled
 Compressed Oops: Enabled (32-bit)
 Alignments: Space 512K, Generation 512K, Heap 2M
 Heap Min Capacity: 100M
 Heap Initial Capacity: 100M
 Heap Max Capacity: 2G
 Pre-touch: Disabled
 Parallel Workers: 10
Heap:
 PSYoungGen      total 2048K, used 2032K [0x00000000d5580000, 0x00000000d5a00000, 0x0000000100000000)
  eden space 1536K, 100% used [0x00000000d5580000,0x00000000d5700000,0x00000000d5700000)
  from space 512K, 96% used [0x00000000d5780000,0x00000000d57fc010,0x00000000d5800000)
  to   space 1536K, 0% used [0x00000000d5880000,0x00000000d5880000,0x00000000d5a00000)
 ParOldGen       total 275456K, used 275381K [0x0000000080000000, 0x0000000090d00000, 0x00000000d5580000)
  object space 275456K, 99% used [0x0000000080000000,0x0000000090ced6d0,0x0000000090d00000)
 Metaspace       used 73041K, committed 74560K, reserved 1179648K
  class space    used 7315K, committed 8000K, reserved 1048576K
GC Heap History (20 events):
Event: 11744.659 GC heap before
{Heap before GC invocations=653 (full 3):
 PSYoungGen      total 2048K, used 1855K [0x00000000d5580000, 0x00000000d5880000, 0x0000000100000000)
  eden space 1536K, 99% used [0x00000000d5580000,0x00000000d56fffa8,0x00000000d5700000)
  from space 512K, 62% used [0x00000000d5780000,0x00000000d57d0000,0x00000000d5800000)
  to   space 512K, 0% used [0x00000000d5800000,0x00000000d5800000,0x00000000d5880000)
 ParOldGen       total 274432K, used 274009K [0x0000000080000000, 0x0000000090c00000, 0x00000000d5580000)
  object space 274432K, 99% used [0x0000000080000000,0x0000000090b96588,0x0000000090c00000)
 Metaspace       used 72078K, committed 73600K, reserved 1179648K
  class space    used 7231K, committed 7936K, reserved 1048576K
}
Event: 11744.671 GC heap after
{Heap after GC invocations=653 (full 3):
 PSYoungGen      total 2048K, used 320K [0x00000000d5580000, 0x00000000d5880000, 0x0000000100000000)
  eden space 1536K, 0% used [0x00000000d5580000,0x00000000d5580000,0x00000000d5700000)
  from space 512K, 62% used [0x00000000d5800000,0x00000000d5850000,0x00000000d5880000)
  to   space 512K, 0% used [0x00000000d5780000,0x00000000d5780000,0x00000000d5800000)
 ParOldGen       total 274432K, used 274113K [0x0000000080000000, 0x0000000090c00000, 0x00000000d5580000)
  object space 274432K, 99% used [0x0000000080000000,0x0000000090bb0588,0x0000000090c00000)
 Metaspace       used 72078K, committed 73600K, reserved 1179648K
  class space    used 7231K, committed 7936K, reserved 1048576K
}
Event: 11744.907 GC heap before
{Heap before GC invocations=654 (full 3):
 PSYoungGen      total 2048K, used 1855K [0x00000000d5580000, 0x00000000d5880000, 0x0000000100000000)
  eden space 1536K, 99% used [0x00000000d5580000,0x00000000d56ffff0,0x00000000d5700000)
  from space 512K, 62% used [0x00000000d5800000,0x00000000d5850000,0x00000000d5880000)
  to   space 512K, 0% used [0x00000000d5780000,0x00000000d5780000,0x00000000d5800000)
 ParOldGen       total 274432K, used 274113K [0x0000000080000000, 0x0000000090c00000, 0x00000000d5580000)
  object space 274432K, 99% used [0x0000000080000000,0x0000000090bb0588,0x0000000090c00000)
 Metaspace       used 72126K, committed 73600K, reserved 1179648K
  class space    used 7236K, committed 7936K, reserved 1048576K
}
Event: 11744.915 GC heap after
{Heap after GC invocations=654 (full 3):
 PSYoungGen      total 2048K, used 288K [0x00000000d5580000, 0x00000000d5880000, 0x0000000100000000)
  eden space 1536K, 0% used [0x00000000d5580000,0x00000000d5580000,0x00000000d5700000)
  from space 512K, 56% used [0x00000000d5780000,0x00000000d57c8000,0x00000000d5800000)
  to   space 512K, 0% used [0x00000000d5800000,0x00000000d5800000,0x00000000d5880000)
 ParOldGen       total 274432K, used 274176K [0x0000000080000000, 0x0000000090c00000, 0x00000000d5580000)
  object space 274432K, 99% used [0x0000000080000000,0x0000000090bc0018,0x0000000090c00000)
 Metaspace       used 72126K, committed 73600K, reserved 1179648K
  class space    used 7236K, committed 7936K, reserved 1048576K
}
Event: 11745.653 GC heap before
{Heap before GC invocations=655 (full 3):
 PSYoungGen      total 2048K, used 1817K [0x00000000d5580000, 0x00000000d5880000, 0x0000000100000000)
  eden space 1536K, 99% used [0x00000000d5580000,0x00000000d56fe750,0x00000000d5700000)
  from space 512K, 56% used [0x00000000d5780000,0x00000000d57c8000,0x00000000d5800000)
  to   space 512K, 0% used [0x00000000d5800000,0x00000000d5800000,0x00000000d5880000)
 ParOldGen       total 274432K, used 274176K [0x0000000080000000, 0x0000000090c00000, 0x00000000d5580000)
  object space 274432K, 99% used [0x0000000080000000,0x0000000090bc0018,0x0000000090c00000)
 Metaspace       used 72337K, committed 73856K, reserved 1179648K
  class space    used 7253K, committed 7936K, reserved 1048576K
}
Event: 11745.658 GC heap after
{Heap after GC invocations=655 (full 3):
 PSYoungGen      total 2048K, used 367K [0x00000000d5580000, 0x00000000d5880000, 0x0000000100000000)
  eden space 1536K, 0% used [0x00000000d5580000,0x00000000d5580000,0x00000000d5700000)
  from space 512K, 71% used [0x00000000d5800000,0x00000000d585bcd8,0x00000000d5880000)
  to   space 512K, 0% used [0x00000000d5780000,0x00000000d5780000,0x00000000d5800000)
 ParOldGen       total 274432K, used 274248K [0x0000000080000000, 0x0000000090c00000, 0x00000000d5580000)
  object space 274432K, 99% used [0x0000000080000000,0x0000000090bd2018,0x0000000090c00000)
 Metaspace       used 72337K, committed 73856K, reserved 1179648K
  class space    used 7253K, committed 7936K, reserved 1048576K
}
Event: 11745.995 GC heap before
{Heap before GC invocations=656 (full 3):
 PSYoungGen      total 2048K, used 1903K [0x00000000d5580000, 0x00000000d5880000, 0x0000000100000000)
  eden space 1536K, 100% used [0x00000000d5580000,0x00000000d5700000,0x00000000d5700000)
  from space 512K, 71% used [0x00000000d5800000,0x00000000d585bcd8,0x00000000d5880000)
  to   space 512K, 0% used [0x00000000d5780000,0x00000000d5780000,0x00000000d5800000)
 ParOldGen       total 274432K, used 274248K [0x0000000080000000, 0x0000000090c00000, 0x00000000d5580000)
  object space 274432K, 99% used [0x0000000080000000,0x0000000090bd2018,0x0000000090c00000)
 Metaspace       used 72558K, committed 74048K, reserved 1179648K
  class space    used 7267K, committed 7936K, reserved 1048576K
}
Event: 11746.000 GC heap after
{Heap after GC invocations=656 (full 3):
 PSYoungGen      total 2048K, used 288K [0x00000000d5580000, 0x00000000d5880000, 0x0000000100000000)
  eden space 1536K, 0% used [0x00000000d5580000,0x00000000d5580000,0x00000000d5700000)
  from space 512K, 56% used [0x00000000d5780000,0x00000000d57c8000,0x00000000d5800000)
  to   space 512K, 0% used [0x00000000d5800000,0x00000000d5800000,0x00000000d5880000)
 ParOldGen       total 274432K, used 274312K [0x0000000080000000, 0x0000000090c00000, 0x00000000d5580000)
  object space 274432K, 99% used [0x0000000080000000,0x0000000090be2018,0x0000000090c00000)
 Metaspace       used 72558K, committed 74048K, reserved 1179648K
  class space    used 7267K, committed 7936K, reserved 1048576K
}
Event: 11746.265 GC heap before
{Heap before GC invocations=657 (full 3):
 PSYoungGen      total 2048K, used 1824K [0x00000000d5580000, 0x00000000d5880000, 0x0000000100000000)
  eden space 1536K, 100% used [0x00000000d5580000,0x00000000d5700000,0x00000000d5700000)
  from space 512K, 56% used [0x00000000d5780000,0x00000000d57c8000,0x00000000d5800000)
  to   space 512K, 0% used [0x00000000d5800000,0x00000000d5800000,0x00000000d5880000)
 ParOldGen       total 274432K, used 274312K [0x0000000080000000, 0x0000000090c00000, 0x00000000d5580000)
  object space 274432K, 99% used [0x0000000080000000,0x0000000090be2018,0x0000000090c00000)
 Metaspace       used 72630K, committed 74112K, reserved 1179648K
  class space    used 7272K, committed 7936K, reserved 1048576K
}
Event: 11746.270 GC heap after
{Heap after GC invocations=657 (full 3):
 PSYoungGen      total 2048K, used 484K [0x00000000d5580000, 0x00000000d5900000, 0x0000000100000000)
  eden space 1536K, 0% used [0x00000000d5580000,0x00000000d5580000,0x00000000d5700000)
  from space 512K, 94% used [0x00000000d5800000,0x00000000d58793a8,0x00000000d5880000)
  to   space 1024K, 0% used [0x00000000d5700000,0x00000000d5700000,0x00000000d5800000)
 ParOldGen       total 274432K, used 274400K [0x0000000080000000, 0x0000000090c00000, 0x00000000d5580000)
  object space 274432K, 99% used [0x0000000080000000,0x0000000090bf8018,0x0000000090c00000)
 Metaspace       used 72630K, committed 74112K, reserved 1179648K
  class space    used 7272K, committed 7936K, reserved 1048576K
}
Event: 11746.560 GC heap before
{Heap before GC invocations=658 (full 3):
 PSYoungGen      total 2048K, used 2019K [0x00000000d5580000, 0x00000000d5900000, 0x0000000100000000)
  eden space 1536K, 99% used [0x00000000d5580000,0x00000000d56ffa78,0x00000000d5700000)
  from space 512K, 94% used [0x00000000d5800000,0x00000000d58793a8,0x00000000d5880000)
  to   space 1024K, 0% used [0x00000000d5700000,0x00000000d5700000,0x00000000d5800000)
 ParOldGen       total 274432K, used 274400K [0x0000000080000000, 0x0000000090c00000, 0x00000000d5580000)
  object space 274432K, 99% used [0x0000000080000000,0x0000000090bf8018,0x0000000090c00000)
 Metaspace       used 72688K, committed 74176K, reserved 1179648K
  class space    used 7277K, committed 7936K, reserved 1048576K
}
Event: 11746.572 GC heap after
{Heap after GC invocations=658 (full 3):
 PSYoungGen      total 2560K, used 845K [0x00000000d5580000, 0x00000000d5900000, 0x0000000100000000)
  eden space 1536K, 0% used [0x00000000d5580000,0x00000000d5580000,0x00000000d5700000)
  from space 1024K, 82% used [0x00000000d5700000,0x00000000d57d3558,0x00000000d5800000)
  to   space 1024K, 0% used [0x00000000d5800000,0x00000000d5800000,0x00000000d5900000)
 ParOldGen       total 274944K, used 274640K [0x0000000080000000, 0x0000000090c80000, 0x00000000d5580000)
  object space 274944K, 99% used [0x0000000080000000,0x0000000090c34018,0x0000000090c80000)
 Metaspace       used 72688K, committed 74176K, reserved 1179648K
  class space    used 7277K, committed 7936K, reserved 1048576K
}
Event: 11746.764 GC heap before
{Heap before GC invocations=659 (full 3):
 PSYoungGen      total 2560K, used 2381K [0x00000000d5580000, 0x00000000d5900000, 0x0000000100000000)
  eden space 1536K, 100% used [0x00000000d5580000,0x00000000d5700000,0x00000000d5700000)
  from space 1024K, 82% used [0x00000000d5700000,0x00000000d57d3558,0x00000000d5800000)
  to   space 1024K, 0% used [0x00000000d5800000,0x00000000d5800000,0x00000000d5900000)
 ParOldGen       total 274944K, used 274640K [0x0000000080000000, 0x0000000090c80000, 0x00000000d5580000)
  object space 274944K, 99% used [0x0000000080000000,0x0000000090c34018,0x0000000090c80000)
 Metaspace       used 72808K, committed 74368K, reserved 1179648K
  class space    used 7291K, committed 8000K, reserved 1048576K
}
Event: 11746.770 GC heap after
{Heap after GC invocations=659 (full 3):
 PSYoungGen      total 2048K, used 288K [0x00000000d5580000, 0x00000000d5880000, 0x0000000100000000)
  eden space 1536K, 0% used [0x00000000d5580000,0x00000000d5580000,0x00000000d5700000)
  from space 512K, 56% used [0x00000000d5800000,0x00000000d5848000,0x00000000d5880000)
  to   space 512K, 0% used [0x00000000d5780000,0x00000000d5780000,0x00000000d5800000)
 ParOldGen       total 274944K, used 274824K [0x0000000080000000, 0x0000000090c80000, 0x00000000d5580000)
  object space 274944K, 99% used [0x0000000080000000,0x0000000090c62018,0x0000000090c80000)
 Metaspace       used 72808K, committed 74368K, reserved 1179648K
  class space    used 7291K, committed 8000K, reserved 1048576K
}
Event: 11746.896 GC heap before
{Heap before GC invocations=660 (full 3):
 PSYoungGen      total 2048K, used 1824K [0x00000000d5580000, 0x00000000d5880000, 0x0000000100000000)
  eden space 1536K, 100% used [0x00000000d5580000,0x00000000d5700000,0x00000000d5700000)
  from space 512K, 56% used [0x00000000d5800000,0x00000000d5848000,0x00000000d5880000)
  to   space 512K, 0% used [0x00000000d5780000,0x00000000d5780000,0x00000000d5800000)
 ParOldGen       total 274944K, used 274824K [0x0000000080000000, 0x0000000090c80000, 0x00000000d5580000)
  object space 274944K, 99% used [0x0000000080000000,0x0000000090c62018,0x0000000090c80000)
 Metaspace       used 72942K, committed 74496K, reserved 1179648K
  class space    used 7305K, committed 8000K, reserved 1048576K
}
Event: 11746.902 GC heap after
{Heap after GC invocations=660 (full 3):
 PSYoungGen      total 2048K, used 463K [0x00000000d5580000, 0x00000000d5880000, 0x0000000100000000)
  eden space 1536K, 0% used [0x00000000d5580000,0x00000000d5580000,0x00000000d5700000)
  from space 512K, 90% used [0x00000000d5780000,0x00000000d57f3c60,0x00000000d5800000)
  to   space 512K, 0% used [0x00000000d5800000,0x00000000d5800000,0x00000000d5880000)
 ParOldGen       total 274944K, used 274896K [0x0000000080000000, 0x0000000090c80000, 0x00000000d5580000)
  object space 274944K, 99% used [0x0000000080000000,0x0000000090c74018,0x0000000090c80000)
 Metaspace       used 72942K, committed 74496K, reserved 1179648K
  class space    used 7305K, committed 8000K, reserved 1048576K
}
Event: 11747.361 GC heap before
{Heap before GC invocations=661 (full 3):
 PSYoungGen      total 2048K, used 1999K [0x00000000d5580000, 0x00000000d5880000, 0x0000000100000000)
  eden space 1536K, 100% used [0x00000000d5580000,0x00000000d5700000,0x00000000d5700000)
  from space 512K, 90% used [0x00000000d5780000,0x00000000d57f3c60,0x00000000d5800000)
  to   space 512K, 0% used [0x00000000d5800000,0x00000000d5800000,0x00000000d5880000)
 ParOldGen       total 274944K, used 274896K [0x0000000080000000, 0x0000000090c80000, 0x00000000d5580000)
  object space 274944K, 99% used [0x0000000080000000,0x0000000090c74018,0x0000000090c80000)
 Metaspace       used 73037K, committed 74560K, reserved 1179648K
  class space    used 7315K, committed 8000K, reserved 1048576K
}
Event: 11747.368 GC heap after
{Heap after GC invocations=661 (full 3):
 PSYoungGen      total 2048K, used 359K [0x00000000d5580000, 0x00000000d5880000, 0x0000000100000000)
  eden space 1536K, 0% used [0x00000000d5580000,0x00000000d5580000,0x00000000d5700000)
  from space 512K, 70% used [0x00000000d5800000,0x00000000d5859e90,0x00000000d5880000)
  to   space 512K, 0% used [0x00000000d5780000,0x00000000d5780000,0x00000000d5800000)
 ParOldGen       total 275456K, used 274944K [0x0000000080000000, 0x0000000090d00000, 0x00000000d5580000)
  object space 275456K, 99% used [0x0000000080000000,0x0000000090c80018,0x0000000090d00000)
 Metaspace       used 73037K, committed 74560K, reserved 1179648K
  class space    used 7315K, committed 8000K, reserved 1048576K
}
Event: 11749.446 GC heap before
{Heap before GC invocations=662 (full 3):
 PSYoungGen      total 2048K, used 1895K [0x00000000d5580000, 0x00000000d5880000, 0x0000000100000000)
  eden space 1536K, 100% used [0x00000000d5580000,0x00000000d5700000,0x00000000d5700000)
  from space 512K, 70% used [0x00000000d5800000,0x00000000d5859e90,0x00000000d5880000)
  to   space 512K, 0% used [0x00000000d5780000,0x00000000d5780000,0x00000000d5800000)
 ParOldGen       total 275456K, used 274944K [0x0000000080000000, 0x0000000090d00000, 0x00000000d5580000)
  object space 275456K, 99% used [0x0000000080000000,0x0000000090c80018,0x0000000090d00000)
 Metaspace       used 73038K, committed 74560K, reserved 1179648K
  class space    used 7315K, committed 8000K, reserved 1048576K
}
Event: 11750.454 GC heap after
{Heap after GC invocations=662 (full 3):
 PSYoungGen      total 2048K, used 496K [0x00000000d5580000, 0x00000000d5a00000, 0x0000000100000000)
  eden space 1536K, 0% used [0x00000000d5580000,0x00000000d5580000,0x00000000d5700000)
  from space 512K, 96% used [0x00000000d5780000,0x00000000d57fc010,0x00000000d5800000)
  to   space 1536K, 0% used [0x00000000d5880000,0x00000000d5880000,0x00000000d5a00000)
 ParOldGen       total 275456K, used 275381K [0x0000000080000000, 0x0000000090d00000, 0x00000000d5580000)
  object space 275456K, 99% used [0x0000000080000000,0x0000000090ced6d0,0x0000000090d00000)
 Metaspace       used 73038K, committed 74560K, reserved 1179648K
  class space    used 7315K, committed 8000K, reserved 1048576K
}

