# JRE version: OpenJDK Runtime Environment Temurin-21.0.10+7 (21.0.10+7) (build 21.0.10+7-LTS)
# Java VM: OpenJDK 64-Bit Server VM Temurin-21.0.10+7 (21.0.10+7-LTS, mixed mode, sharing, tiered, compressed oops, compressed class ptrs, parallel gc, windows-amd64)
GC Precious Log:
 CardTable entry size: 512
 CPUs: 12 total, 12 available
 Memory: 8016M
 Large Page Support: Disabled
 NUMA Support: Disabled
 Compressed Oops: Enabled (32-bit)
 Alignments: Space 512K, Generation 512K, Heap 2M
 Heap Min Capacity: 100M
 Heap Initial Capacity: 100M
 Heap Max Capacity: 2G
 Pre-touch: Disabled
 Parallel Workers: 10
Heap:
 PSYoungGen      total 9728K, used 3395K [0x00000000d5580000, 0x00000000d6180000, 0x0000000100000000)
  eden space 8192K, 24% used [0x00000000d5580000,0x00000000d5778cd8,0x00000000d5d80000)
  from space 1536K, 89% used [0x00000000d6000000,0x00000000d6158000,0x00000000d6180000)
  to   space 1536K, 0% used [0x00000000d5e80000,0x00000000d5e80000,0x00000000d6000000)
 ParOldGen       total 149504K, used 149319K [0x0000000080000000, 0x0000000089200000, 0x00000000d5580000)
  object space 149504K, 99% used [0x0000000080000000,0x00000000891d1cc8,0x0000000089200000)
 Metaspace       used 73694K, committed 75264K, reserved 1179648K
  class space    used 7654K, committed 8384K, reserved 1048576K
GC Heap History (20 events):
Event: 139.048 GC heap before
{Heap before GC invocations=222 (full 3):
 PSYoungGen      total 8704K, used 8544K [0x00000000d5580000, 0x00000000d5f00000, 0x0000000100000000)
  eden space 8192K, 100% used [0x00000000d5580000,0x00000000d5d80000,0x00000000d5d80000)
  from space 512K, 68% used [0x00000000d5e80000,0x00000000d5ed8000,0x00000000d5f00000)
  to   space 512K, 0% used [0x00000000d5e00000,0x00000000d5e00000,0x00000000d5e80000)
 ParOldGen       total 146432K, used 146159K [0x0000000080000000, 0x0000000088f00000, 0x00000000d5580000)
  object space 146432K, 99% used [0x0000000080000000,0x0000000088ebbce8,0x0000000088f00000)
 Metaspace       used 73090K, committed 74688K, reserved 1179648K
  class space    used 7588K, committed 8320K, reserved 1048576K
}
Event: 139.050 GC heap after
{Heap after GC invocations=222 (full 3):
 PSYoungGen      total 8704K, used 352K [0x00000000d5580000, 0x00000000d5f00000, 0x0000000100000000)
  eden space 8192K, 0% used [0x00000000d5580000,0x00000000d5580000,0x00000000d5d80000)
  from space 512K, 68% used [0x00000000d5e00000,0x00000000d5e58000,0x00000000d5e80000)
  to   space 512K, 0% used [0x00000000d5e80000,0x00000000d5e80000,0x00000000d5f00000)
 ParOldGen       total 146432K, used 146375K [0x0000000080000000, 0x0000000088f00000, 0x00000000d5580000)
  object space 146432K, 99% used [0x0000000080000000,0x0000000088ef1cb8,0x0000000088f00000)
 Metaspace       used 73090K, committed 74688K, reserved 1179648K
  class space    used 7588K, committed 8320K, reserved 1048576K
}
Event: 139.095 GC heap before
{Heap before GC invocations=223 (full 3):
 PSYoungGen      total 8704K, used 8544K [0x00000000d5580000, 0x00000000d5f00000, 0x0000000100000000)
  eden space 8192K, 100% used [0x00000000d5580000,0x00000000d5d80000,0x00000000d5d80000)
  from space 512K, 68% used [0x00000000d5e00000,0x00000000d5e58000,0x00000000d5e80000)
  to   space 512K, 0% used [0x00000000d5e80000,0x00000000d5e80000,0x00000000d5f00000)
 ParOldGen       total 146432K, used 146375K [0x0000000080000000, 0x0000000088f00000, 0x00000000d5580000)
  object space 146432K, 99% used [0x0000000080000000,0x0000000088ef1cb8,0x0000000088f00000)
 Metaspace       used 73090K, committed 74688K, reserved 1179648K
  class space    used 7588K, committed 8320K, reserved 1048576K
}
Event: 139.097 GC heap after
{Heap after GC invocations=223 (full 3):
 PSYoungGen      total 8704K, used 320K [0x00000000d5580000, 0x00000000d5f00000, 0x0000000100000000)
  eden space 8192K, 0% used [0x00000000d5580000,0x00000000d5580000,0x00000000d5d80000)
  from space 512K, 62% used [0x00000000d5e80000,0x00000000d5ed0000,0x00000000d5f00000)
  to   space 512K, 0% used [0x00000000d5e00000,0x00000000d5e00000,0x00000000d5e80000)
 ParOldGen       total 146944K, used 146527K [0x0000000080000000, 0x0000000088f80000, 0x00000000d5580000)
  object space 146944K, 99% used [0x0000000080000000,0x0000000088f17cb8,0x0000000088f80000)
 Metaspace       used 73090K, committed 74688K, reserved 1179648K
  class space    used 7588K, committed 8320K, reserved 1048576K
}
Event: 139.126 GC heap before
{Heap before GC invocations=224 (full 3):
 PSYoungGen      total 8704K, used 8512K [0x00000000d5580000, 0x00000000d5f00000, 0x0000000100000000)
  eden space 8192K, 100% used [0x00000000d5580000,0x00000000d5d80000,0x00000000d5d80000)
  from space 512K, 62% used [0x00000000d5e80000,0x00000000d5ed0000,0x00000000d5f00000)
  to   space 512K, 0% used [0x00000000d5e00000,0x00000000d5e00000,0x00000000d5e80000)
 ParOldGen       total 146944K, used 146527K [0x0000000080000000, 0x0000000088f80000, 0x00000000d5580000)
  object space 146944K, 99% used [0x0000000080000000,0x0000000088f17cb8,0x0000000088f80000)
 Metaspace       used 73091K, committed 74688K, reserved 1179648K
  class space    used 7588K, committed 8320K, reserved 1048576K
}
Event: 139.127 GC heap after
{Heap after GC invocations=224 (full 3):
 PSYoungGen      total 8704K, used 384K [0x00000000d5580000, 0x00000000d5f00000, 0x0000000100000000)
  eden space 8192K, 0% used [0x00000000d5580000,0x00000000d5580000,0x00000000d5d80000)
  from space 512K, 75% used [0x00000000d5e00000,0x00000000d5e60000,0x00000000d5e80000)
  to   space 512K, 0% used [0x00000000d5e80000,0x00000000d5e80000,0x00000000d5f00000)
 ParOldGen       total 146944K, used 146727K [0x0000000080000000, 0x0000000088f80000, 0x00000000d5580000)
  object space 146944K, 99% used [0x0000000080000000,0x0000000088f49cb8,0x0000000088f80000)
 Metaspace       used 73091K, committed 74688K, reserved 1179648K
  class space    used 7588K, committed 8320K, reserved 1048576K
}
Event: 139.160 GC heap before
{Heap before GC invocations=225 (full 3):
 PSYoungGen      total 8704K, used 8576K [0x00000000d5580000, 0x00000000d5f00000, 0x0000000100000000)
  eden space 8192K, 100% used [0x00000000d5580000,0x00000000d5d80000,0x00000000d5d80000)
  from space 512K, 75% used [0x00000000d5e00000,0x00000000d5e60000,0x00000000d5e80000)
  to   space 512K, 0% used [0x00000000d5e80000,0x00000000d5e80000,0x00000000d5f00000)
 ParOldGen       total 146944K, used 146727K [0x0000000080000000, 0x0000000088f80000, 0x00000000d5580000)
  object space 146944K, 99% used [0x0000000080000000,0x0000000088f49cb8,0x0000000088f80000)
 Metaspace       used 73091K, committed 74688K, reserved 1179648K
  class space    used 7588K, committed 8320K, reserved 1048576K
}
Event: 139.162 GC heap after
{Heap after GC invocations=225 (full 3):
 PSYoungGen      total 8704K, used 416K [0x00000000d5580000, 0x00000000d5f00000, 0x0000000100000000)
  eden space 8192K, 0% used [0x00000000d5580000,0x00000000d5580000,0x00000000d5d80000)
  from space 512K, 81% used [0x00000000d5e80000,0x00000000d5ee8000,0x00000000d5f00000)
  to   space 512K, 0% used [0x00000000d5e00000,0x00000000d5e00000,0x00000000d5e80000)
 ParOldGen       total 147456K, used 146959K [0x0000000080000000, 0x0000000089000000, 0x00000000d5580000)
  object space 147456K, 99% used [0x0000000080000000,0x0000000088f83cb8,0x0000000089000000)
 Metaspace       used 73091K, committed 74688K, reserved 1179648K
  class space    used 7588K, committed 8320K, reserved 1048576K
}
Event: 139.231 GC heap before
{Heap before GC invocations=226 (full 3):
 PSYoungGen      total 8704K, used 8608K [0x00000000d5580000, 0x00000000d5f00000, 0x0000000100000000)
  eden space 8192K, 100% used [0x00000000d5580000,0x00000000d5d80000,0x00000000d5d80000)
  from space 512K, 81% used [0x00000000d5e80000,0x00000000d5ee8000,0x00000000d5f00000)
  to   space 512K, 0% used [0x00000000d5e00000,0x00000000d5e00000,0x00000000d5e80000)
 ParOldGen       total 147456K, used 146959K [0x0000000080000000, 0x0000000089000000, 0x00000000d5580000)
  object space 147456K, 99% used [0x0000000080000000,0x0000000088f83cb8,0x0000000089000000)
 Metaspace       used 73091K, committed 74688K, reserved 1179648K
  class space    used 7588K, committed 8320K, reserved 1048576K
}
Event: 139.233 GC heap after
{Heap after GC invocations=226 (full 3):
 PSYoungGen      total 8704K, used 416K [0x00000000d5580000, 0x00000000d5f00000, 0x0000000100000000)
  eden space 8192K, 0% used [0x00000000d5580000,0x00000000d5580000,0x00000000d5d80000)
  from space 512K, 81% used [0x00000000d5e00000,0x00000000d5e68000,0x00000000d5e80000)
  to   space 512K, 0% used [0x00000000d5e80000,0x00000000d5e80000,0x00000000d5f00000)
 ParOldGen       total 147456K, used 147175K [0x0000000080000000, 0x0000000089000000, 0x00000000d5580000)
  object space 147456K, 99% used [0x0000000080000000,0x0000000088fb9cb8,0x0000000089000000)
 Metaspace       used 73091K, committed 74688K, reserved 1179648K
  class space    used 7588K, committed 8320K, reserved 1048576K
}
Event: 139.284 GC heap before
{Heap before GC invocations=227 (full 3):
 PSYoungGen      total 8704K, used 8608K [0x00000000d5580000, 0x00000000d5f00000, 0x0000000100000000)
  eden space 8192K, 100% used [0x00000000d5580000,0x00000000d5d80000,0x00000000d5d80000)
  from space 512K, 81% used [0x00000000d5e00000,0x00000000d5e68000,0x00000000d5e80000)
  to   space 512K, 0% used [0x00000000d5e80000,0x00000000d5e80000,0x00000000d5f00000)
 ParOldGen       total 147456K, used 147175K [0x0000000080000000, 0x0000000089000000, 0x00000000d5580000)
  object space 147456K, 99% used [0x0000000080000000,0x0000000088fb9cb8,0x0000000089000000)
 Metaspace       used 73091K, committed 74688K, reserved 1179648K
  class space    used 7588K, committed 8320K, reserved 1048576K
}
Event: 139.286 GC heap after
{Heap after GC invocations=227 (full 3):
 PSYoungGen      total 8704K, used 352K [0x00000000d5580000, 0x00000000d5f00000, 0x0000000100000000)
  eden space 8192K, 0% used [0x00000000d5580000,0x00000000d5580000,0x00000000d5d80000)
  from space 512K, 68% used [0x00000000d5e80000,0x00000000d5ed8000,0x00000000d5f00000)
  to   space 512K, 0% used [0x00000000d5e00000,0x00000000d5e00000,0x00000000d5e80000)
 ParOldGen       total 147456K, used 147407K [0x0000000080000000, 0x0000000089000000, 0x00000000d5580000)
  object space 147456K, 99% used [0x0000000080000000,0x0000000088ff3cb8,0x0000000089000000)
 Metaspace       used 73091K, committed 74688K, reserved 1179648K
  class space    used 7588K, committed 8320K, reserved 1048576K
}
Event: 139.349 GC heap before
{Heap before GC invocations=228 (full 3):
 PSYoungGen      total 8704K, used 8544K [0x00000000d5580000, 0x00000000d5f00000, 0x0000000100000000)
  eden space 8192K, 100% used [0x00000000d5580000,0x00000000d5d80000,0x00000000d5d80000)
  from space 512K, 68% used [0x00000000d5e80000,0x00000000d5ed8000,0x00000000d5f00000)
  to   space 512K, 0% used [0x00000000d5e00000,0x00000000d5e00000,0x00000000d5e80000)
 ParOldGen       total 147456K, used 147407K [0x0000000080000000, 0x0000000089000000, 0x00000000d5580000)
  object space 147456K, 99% used [0x0000000080000000,0x0000000088ff3cb8,0x0000000089000000)
 Metaspace       used 73092K, committed 74688K, reserved 1179648K
  class space    used 7588K, committed 8320K, reserved 1048576K
}
Event: 139.351 GC heap after
{Heap after GC invocations=228 (full 3):
 PSYoungGen      total 8704K, used 320K [0x00000000d5580000, 0x00000000d5f00000, 0x0000000100000000)
  eden space 8192K, 0% used [0x00000000d5580000,0x00000000d5580000,0x00000000d5d80000)
  from space 512K, 62% used [0x00000000d5e00000,0x00000000d5e50000,0x00000000d5e80000)
  to   space 512K, 0% used [0x00000000d5e80000,0x00000000d5e80000,0x00000000d5f00000)
 ParOldGen       total 147968K, used 147567K [0x0000000080000000, 0x0000000089080000, 0x00000000d5580000)
  object space 147968K, 99% used [0x0000000080000000,0x000000008901bcb8,0x0000000089080000)
 Metaspace       used 73092K, committed 74688K, reserved 1179648K
  class space    used 7588K, committed 8320K, reserved 1048576K
}
Event: 139.392 GC heap before
{Heap before GC invocations=229 (full 3):
 PSYoungGen      total 8704K, used 8512K [0x00000000d5580000, 0x00000000d5f00000, 0x0000000100000000)
  eden space 8192K, 100% used [0x00000000d5580000,0x00000000d5d80000,0x00000000d5d80000)
  from space 512K, 62% used [0x00000000d5e00000,0x00000000d5e50000,0x00000000d5e80000)
  to   space 512K, 0% used [0x00000000d5e80000,0x00000000d5e80000,0x00000000d5f00000)
 ParOldGen       total 147968K, used 147567K [0x0000000080000000, 0x0000000089080000, 0x00000000d5580000)
  object space 147968K, 99% used [0x0000000080000000,0x000000008901bcb8,0x0000000089080000)
 Metaspace       used 73092K, committed 74688K, reserved 1179648K
  class space    used 7588K, committed 8320K, reserved 1048576K
}
Event: 139.394 GC heap after
{Heap after GC invocations=229 (full 3):
 PSYoungGen      total 8704K, used 384K [0x00000000d5580000, 0x00000000d5f00000, 0x0000000100000000)
  eden space 8192K, 0% used [0x00000000d5580000,0x00000000d5580000,0x00000000d5d80000)
  from space 512K, 75% used [0x00000000d5e80000,0x00000000d5ee0000,0x00000000d5f00000)
  to   space 512K, 0% used [0x00000000d5e00000,0x00000000d5e00000,0x00000000d5e80000)
 ParOldGen       total 147968K, used 147751K [0x0000000080000000, 0x0000000089080000, 0x00000000d5580000)
  object space 147968K, 99% used [0x0000000080000000,0x0000000089049cb8,0x0000000089080000)
 Metaspace       used 73092K, committed 74688K, reserved 1179648K
  class space    used 7588K, committed 8320K, reserved 1048576K
}
Event: 139.624 GC heap before
{Heap before GC invocations=230 (full 3):
 PSYoungGen      total 8704K, used 8576K [0x00000000d5580000, 0x00000000d5f00000, 0x0000000100000000)
  eden space 8192K, 100% used [0x00000000d5580000,0x00000000d5d80000,0x00000000d5d80000)
  from space 512K, 75% used [0x00000000d5e80000,0x00000000d5ee0000,0x00000000d5f00000)
  to   space 512K, 0% used [0x00000000d5e00000,0x00000000d5e00000,0x00000000d5e80000)
 ParOldGen       total 147968K, used 147751K [0x0000000080000000, 0x0000000089080000, 0x00000000d5580000)
  object space 147968K, 99% used [0x0000000080000000,0x0000000089049cb8,0x0000000089080000)
 Metaspace       used 73146K, committed 74752K, reserved 1179648K
  class space    used 7592K, committed 8320K, reserved 1048576K
}
Event: 139.628 GC heap after
{Heap after GC invocations=230 (full 3):
 PSYoungGen      total 8704K, used 480K [0x00000000d5580000, 0x00000000d6280000, 0x0000000100000000)
  eden space 8192K, 0% used [0x00000000d5580000,0x00000000d5580000,0x00000000d5d80000)
  from space 512K, 93% used [0x00000000d5e00000,0x00000000d5e78010,0x00000000d5e80000)
  to   space 2560K, 0% used [0x00000000d6000000,0x00000000d6000000,0x00000000d6280000)
 ParOldGen       total 149504K, used 149095K [0x0000000080000000, 0x0000000089200000, 0x00000000d5580000)
  object space 149504K, 99% used [0x0000000080000000,0x0000000089199cb8,0x0000000089200000)
 Metaspace       used 73146K, committed 74752K, reserved 1179648K
  class space    used 7592K, committed 8320K, reserved 1048576K
}
Event: 346.113 GC heap before
{Heap before GC invocations=231 (full 3):
 PSYoungGen      total 8704K, used 8672K [0x00000000d5580000, 0x00000000d6280000, 0x0000000100000000)
  eden space 8192K, 100% used [0x00000000d5580000,0x00000000d5d80000,0x00000000d5d80000)
  from space 512K, 93% used [0x00000000d5e00000,0x00000000d5e78010,0x00000000d5e80000)
  to   space 2560K, 0% used [0x00000000d6000000,0x00000000d6000000,0x00000000d6280000)
 ParOldGen       total 149504K, used 149095K [0x0000000080000000, 0x0000000089200000, 0x00000000d5580000)
  object space 149504K, 99% used [0x0000000080000000,0x0000000089199cb8,0x0000000089200000)
 Metaspace       used 73440K, committed 75008K, reserved 1179648K
  class space    used 7636K, committed 8384K, reserved 1048576K
}
Event: 346.200 GC heap after
{Heap after GC invocations=231 (full 3):
 PSYoungGen      total 9728K, used 1376K [0x00000000d5580000, 0x00000000d6180000, 0x0000000100000000)
  eden space 8192K, 0% used [0x00000000d5580000,0x00000000d5580000,0x00000000d5d80000)
  from space 1536K, 89% used [0x00000000d6000000,0x00000000d6158000,0x00000000d6180000)
  to   space 1536K, 0% used [0x00000000d5e80000,0x00000000d5e80000,0x00000000d6000000)
 ParOldGen       total 149504K, used 149319K [0x0000000080000000, 0x0000000089200000, 0x00000000d5580000)
  object space 149504K, 99% used [0x0000000080000000,0x00000000891d1cc8,0x0000000089200000)
 Metaspace       used 73440K, committed 75008K, reserved 1179648K
  class space    used 7636K, committed 8384K, reserved 1048576K
}

