# JRE version: OpenJDK Runtime Environment Temurin-21.0.10+7 (21.0.10+7) (build 21.0.10+7-LTS)
# Java VM: OpenJDK 64-Bit Server VM Temurin-21.0.10+7 (21.0.10+7-LTS, mixed mode, sharing, tiered, compressed oops, compressed class ptrs, parallel gc, windows-amd64)
GC Precious Log:
 CardTable entry size: 512
 CPUs: 12 total, 12 available
 Memory: 8016M
 Large Page Support: Disabled
 NUMA Support: Disabled
 Compressed Oops: Enabled (32-bit)
 Alignments: Space 512K, Generation 512K, Heap 2M
 Heap Min Capacity: 100M
 Heap Initial Capacity: 100M
 Heap Max Capacity: 2G
 Pre-touch: Disabled
 Parallel Workers: 10
Heap:
 PSYoungGen      total 4608K, used 2258K [0x00000000d5580000, 0x00000000d5b80000, 0x0000000100000000)
  eden space 4096K, 45% used [0x00000000d5580000,0x00000000d5754ab8,0x00000000d5980000)
  from space 512K, 75% used [0x00000000d5a80000,0x00000000d5ae0000,0x00000000d5b00000)
  to   space 512K, 0% used [0x00000000d5b00000,0x00000000d5b00000,0x00000000d5b80000)
 ParOldGen       total 546304K, used 280323K [0x0000000080000000, 0x00000000a1580000, 0x00000000d5580000)
  object space 546304K, 51% used [0x0000000080000000,0x00000000911c0f10,0x00000000a1580000)
 Metaspace       used 75179K, committed 76800K, reserved 1179648K
  class space    used 7514K, committed 8320K, reserved 1048576K
GC Heap History (20 events):
Event: 11848.918 GC heap before
{Heap before GC invocations=1358 (full 4):
 PSYoungGen      total 4608K, used 4448K [0x00000000d5580000, 0x00000000d5b80000, 0x0000000100000000)
  eden space 4096K, 100% used [0x00000000d5580000,0x00000000d5980000,0x00000000d5980000)
  from space 512K, 68% used [0x00000000d5a80000,0x00000000d5ad8020,0x00000000d5b00000)
  to   space 512K, 0% used [0x00000000d5b00000,0x00000000d5b00000,0x00000000d5b80000)
 ParOldGen       total 546304K, used 274502K [0x0000000080000000, 0x00000000a1580000, 0x00000000d5580000)
  object space 546304K, 50% used [0x0000000080000000,0x0000000090c11a20,0x00000000a1580000)
 Metaspace       used 75044K, committed 76672K, reserved 1179648K
  class space    used 7513K, committed 8320K, reserved 1048576K
}
Event: 11848.921 GC heap after
{Heap after GC invocations=1358 (full 4):
 PSYoungGen      total 4608K, used 480K [0x00000000d5580000, 0x00000000d5b80000, 0x0000000100000000)
  eden space 4096K, 0% used [0x00000000d5580000,0x00000000d5580000,0x00000000d5980000)
  from space 512K, 93% used [0x00000000d5b00000,0x00000000d5b78000,0x00000000d5b80000)
  to   space 512K, 0% used [0x00000000d5a80000,0x00000000d5a80000,0x00000000d5b00000)
 ParOldGen       total 546304K, used 274734K [0x0000000080000000, 0x00000000a1580000, 0x00000000d5580000)
  object space 546304K, 50% used [0x0000000080000000,0x0000000090c4ba60,0x00000000a1580000)
 Metaspace       used 75044K, committed 76672K, reserved 1179648K
  class space    used 7513K, committed 8320K, reserved 1048576K
}
Event: 11849.153 GC heap before
{Heap before GC invocations=1359 (full 4):
 PSYoungGen      total 4608K, used 4576K [0x00000000d5580000, 0x00000000d5b80000, 0x0000000100000000)
  eden space 4096K, 100% used [0x00000000d5580000,0x00000000d5980000,0x00000000d5980000)
  from space 512K, 93% used [0x00000000d5b00000,0x00000000d5b78000,0x00000000d5b80000)
  to   space 512K, 0% used [0x00000000d5a80000,0x00000000d5a80000,0x00000000d5b00000)
 ParOldGen       total 546304K, used 274734K [0x0000000080000000, 0x00000000a1580000, 0x00000000d5580000)
  object space 546304K, 50% used [0x0000000080000000,0x0000000090c4ba60,0x00000000a1580000)
 Metaspace       used 75057K, committed 76672K, reserved 1179648K
  class space    used 7514K, committed 8320K, reserved 1048576K
}
Event: 11849.159 GC heap after
{Heap after GC invocations=1359 (full 4):
 PSYoungGen      total 4608K, used 512K [0x00000000d5580000, 0x00000000d5c80000, 0x0000000100000000)
  eden space 4096K, 0% used [0x00000000d5580000,0x00000000d5580000,0x00000000d5980000)
  from space 512K, 100% used [0x00000000d5a80000,0x00000000d5b00000,0x00000000d5b00000)
  to   space 1536K, 0% used [0x00000000d5b00000,0x00000000d5b00000,0x00000000d5c80000)
 ParOldGen       total 546304K, used 275442K [0x0000000080000000, 0x00000000a1580000, 0x00000000d5580000)
  object space 546304K, 50% used [0x0000000080000000,0x0000000090cfca90,0x00000000a1580000)
 Metaspace       used 75057K, committed 76672K, reserved 1179648K
  class space    used 7514K, committed 8320K, reserved 1048576K
}
Event: 11849.178 GC heap before
{Heap before GC invocations=1360 (full 4):
 PSYoungGen      total 4608K, used 4608K [0x00000000d5580000, 0x00000000d5c80000, 0x0000000100000000)
  eden space 4096K, 100% used [0x00000000d5580000,0x00000000d5980000,0x00000000d5980000)
  from space 512K, 100% used [0x00000000d5a80000,0x00000000d5b00000,0x00000000d5b00000)
  to   space 1536K, 0% used [0x00000000d5b00000,0x00000000d5b00000,0x00000000d5c80000)
 ParOldGen       total 546304K, used 275442K [0x0000000080000000, 0x00000000a1580000, 0x00000000d5580000)
  object space 546304K, 50% used [0x0000000080000000,0x0000000090cfca90,0x00000000a1580000)
 Metaspace       used 75057K, committed 76672K, reserved 1179648K
  class space    used 7514K, committed 8320K, reserved 1048576K
}
Event: 11849.184 GC heap after
{Heap after GC invocations=1360 (full 4):
 PSYoungGen      total 5120K, used 544K [0x00000000d5580000, 0x00000000d5c00000, 0x0000000100000000)
  eden space 4096K, 0% used [0x00000000d5580000,0x00000000d5580000,0x00000000d5980000)
  from space 1024K, 53% used [0x00000000d5b00000,0x00000000d5b88000,0x00000000d5c00000)
  to   space 1024K, 0% used [0x00000000d5a00000,0x00000000d5a00000,0x00000000d5b00000)
 ParOldGen       total 546304K, used 276010K [0x0000000080000000, 0x00000000a1580000, 0x00000000d5580000)
  object space 546304K, 50% used [0x0000000080000000,0x0000000090d8aa90,0x00000000a1580000)
 Metaspace       used 75057K, committed 76672K, reserved 1179648K
  class space    used 7514K, committed 8320K, reserved 1048576K
}
Event: 11849.274 GC heap before
{Heap before GC invocations=1361 (full 4):
 PSYoungGen      total 5120K, used 4640K [0x00000000d5580000, 0x00000000d5c00000, 0x0000000100000000)
  eden space 4096K, 100% used [0x00000000d5580000,0x00000000d5980000,0x00000000d5980000)
  from space 1024K, 53% used [0x00000000d5b00000,0x00000000d5b88000,0x00000000d5c00000)
  to   space 1024K, 0% used [0x00000000d5a00000,0x00000000d5a00000,0x00000000d5b00000)
 ParOldGen       total 546304K, used 276010K [0x0000000080000000, 0x00000000a1580000, 0x00000000d5580000)
  object space 546304K, 50% used [0x0000000080000000,0x0000000090d8aa90,0x00000000a1580000)
 Metaspace       used 75088K, committed 76672K, reserved 1179648K
  class space    used 7514K, committed 8320K, reserved 1048576K
}
Event: 11849.280 GC heap after
{Heap after GC invocations=1361 (full 4):
 PSYoungGen      total 5120K, used 992K [0x00000000d5580000, 0x00000000d5c80000, 0x0000000100000000)
  eden space 4096K, 0% used [0x00000000d5580000,0x00000000d5580000,0x00000000d5980000)
  from space 1024K, 96% used [0x00000000d5a00000,0x00000000d5af8000,0x00000000d5b00000)
  to   space 1536K, 0% used [0x00000000d5b00000,0x00000000d5b00000,0x00000000d5c80000)
 ParOldGen       total 546304K, used 276386K [0x0000000080000000, 0x00000000a1580000, 0x00000000d5580000)
  object space 546304K, 50% used [0x0000000080000000,0x0000000090de8ab0,0x00000000a1580000)
 Metaspace       used 75088K, committed 76672K, reserved 1179648K
  class space    used 7514K, committed 8320K, reserved 1048576K
}
Event: 11849.445 GC heap before
{Heap before GC invocations=1362 (full 4):
 PSYoungGen      total 5120K, used 5088K [0x00000000d5580000, 0x00000000d5c80000, 0x0000000100000000)
  eden space 4096K, 100% used [0x00000000d5580000,0x00000000d5980000,0x00000000d5980000)
  from space 1024K, 96% used [0x00000000d5a00000,0x00000000d5af8000,0x00000000d5b00000)
  to   space 1536K, 0% used [0x00000000d5b00000,0x00000000d5b00000,0x00000000d5c80000)
 ParOldGen       total 546304K, used 276386K [0x0000000080000000, 0x00000000a1580000, 0x00000000d5580000)
  object space 546304K, 50% used [0x0000000080000000,0x0000000090de8ab0,0x00000000a1580000)
 Metaspace       used 75107K, committed 76736K, reserved 1179648K
  class space    used 7514K, committed 8320K, reserved 1048576K
}
Event: 11849.456 GC heap after
{Heap after GC invocations=1362 (full 4):
 PSYoungGen      total 4608K, used 480K [0x00000000d5580000, 0x00000000d5b80000, 0x0000000100000000)
  eden space 4096K, 0% used [0x00000000d5580000,0x00000000d5580000,0x00000000d5980000)
  from space 512K, 93% used [0x00000000d5b00000,0x00000000d5b78000,0x00000000d5b80000)
  to   space 1024K, 0% used [0x00000000d5980000,0x00000000d5980000,0x00000000d5a80000)
 ParOldGen       total 546304K, used 277242K [0x0000000080000000, 0x00000000a1580000, 0x00000000d5580000)
  object space 546304K, 50% used [0x0000000080000000,0x0000000090ebead0,0x00000000a1580000)
 Metaspace       used 75107K, committed 76736K, reserved 1179648K
  class space    used 7514K, committed 8320K, reserved 1048576K
}
Event: 11849.554 GC heap before
{Heap before GC invocations=1363 (full 4):
 PSYoungGen      total 4608K, used 4576K [0x00000000d5580000, 0x00000000d5b80000, 0x0000000100000000)
  eden space 4096K, 100% used [0x00000000d5580000,0x00000000d5980000,0x00000000d5980000)
  from space 512K, 93% used [0x00000000d5b00000,0x00000000d5b78000,0x00000000d5b80000)
  to   space 1024K, 0% used [0x00000000d5980000,0x00000000d5980000,0x00000000d5a80000)
 ParOldGen       total 546304K, used 277242K [0x0000000080000000, 0x00000000a1580000, 0x00000000d5580000)
  object space 546304K, 50% used [0x0000000080000000,0x0000000090ebead0,0x00000000a1580000)
 Metaspace       used 75113K, committed 76736K, reserved 1179648K
  class space    used 7514K, committed 8320K, reserved 1048576K
}
Event: 11849.568 GC heap after
{Heap after GC invocations=1363 (full 4):
 PSYoungGen      total 5120K, used 480K [0x00000000d5580000, 0x00000000d5b80000, 0x0000000100000000)
  eden space 4096K, 0% used [0x00000000d5580000,0x00000000d5580000,0x00000000d5980000)
  from space 1024K, 46% used [0x00000000d5980000,0x00000000d59f8000,0x00000000d5a80000)
  to   space 512K, 0% used [0x00000000d5b00000,0x00000000d5b00000,0x00000000d5b80000)
 ParOldGen       total 546304K, used 277570K [0x0000000080000000, 0x00000000a1580000, 0x00000000d5580000)
  object space 546304K, 50% used [0x0000000080000000,0x0000000090f10ad0,0x00000000a1580000)
 Metaspace       used 75113K, committed 76736K, reserved 1179648K
  class space    used 7514K, committed 8320K, reserved 1048576K
}
Event: 11849.679 GC heap before
{Heap before GC invocations=1364 (full 4):
 PSYoungGen      total 5120K, used 4576K [0x00000000d5580000, 0x00000000d5b80000, 0x0000000100000000)
  eden space 4096K, 100% used [0x00000000d5580000,0x00000000d5980000,0x00000000d5980000)
  from space 1024K, 46% used [0x00000000d5980000,0x00000000d59f8000,0x00000000d5a80000)
  to   space 512K, 0% used [0x00000000d5b00000,0x00000000d5b00000,0x00000000d5b80000)
 ParOldGen       total 546304K, used 277570K [0x0000000080000000, 0x00000000a1580000, 0x00000000d5580000)
  object space 546304K, 50% used [0x0000000080000000,0x0000000090f10ad0,0x00000000a1580000)
 Metaspace       used 75117K, committed 76736K, reserved 1179648K
  class space    used 7514K, committed 8320K, reserved 1048576K
}
Event: 11849.690 GC heap after
{Heap after GC invocations=1364 (full 4):
 PSYoungGen      total 4608K, used 352K [0x00000000d5580000, 0x00000000d5b80000, 0x0000000100000000)
  eden space 4096K, 0% used [0x00000000d5580000,0x00000000d5580000,0x00000000d5980000)
  from space 512K, 68% used [0x00000000d5b00000,0x00000000d5b58000,0x00000000d5b80000)
  to   space 512K, 0% used [0x00000000d5a80000,0x00000000d5a80000,0x00000000d5b00000)
 ParOldGen       total 546304K, used 277930K [0x0000000080000000, 0x00000000a1580000, 0x00000000d5580000)
  object space 546304K, 50% used [0x0000000080000000,0x0000000090f6aaf0,0x00000000a1580000)
 Metaspace       used 75117K, committed 76736K, reserved 1179648K
  class space    used 7514K, committed 8320K, reserved 1048576K
}
Event: 11850.233 GC heap before
{Heap before GC invocations=1365 (full 4):
 PSYoungGen      total 4608K, used 4448K [0x00000000d5580000, 0x00000000d5b80000, 0x0000000100000000)
  eden space 4096K, 100% used [0x00000000d5580000,0x00000000d5980000,0x00000000d5980000)
  from space 512K, 68% used [0x00000000d5b00000,0x00000000d5b58000,0x00000000d5b80000)
  to   space 512K, 0% used [0x00000000d5a80000,0x00000000d5a80000,0x00000000d5b00000)
 ParOldGen       total 546304K, used 277930K [0x0000000080000000, 0x00000000a1580000, 0x00000000d5580000)
  object space 546304K, 50% used [0x0000000080000000,0x0000000090f6aaf0,0x00000000a1580000)
 Metaspace       used 75122K, committed 76736K, reserved 1179648K
  class space    used 7514K, committed 8320K, reserved 1048576K
}
Event: 11850.240 GC heap after
{Heap after GC invocations=1365 (full 4):
 PSYoungGen      total 4608K, used 512K [0x00000000d5580000, 0x00000000d5b80000, 0x0000000100000000)
  eden space 4096K, 0% used [0x00000000d5580000,0x00000000d5580000,0x00000000d5980000)
  from space 512K, 100% used [0x00000000d5a80000,0x00000000d5b00000,0x00000000d5b00000)
  to   space 512K, 0% used [0x00000000d5b00000,0x00000000d5b00000,0x00000000d5b80000)
 ParOldGen       total 546304K, used 278130K [0x0000000080000000, 0x00000000a1580000, 0x00000000d5580000)
  object space 546304K, 50% used [0x0000000080000000,0x0000000090f9caf0,0x00000000a1580000)
 Metaspace       used 75122K, committed 76736K, reserved 1179648K
  class space    used 7514K, committed 8320K, reserved 1048576K
}
Event: 11850.443 GC heap before
{Heap before GC invocations=1366 (full 4):
 PSYoungGen      total 4608K, used 4608K [0x00000000d5580000, 0x00000000d5b80000, 0x0000000100000000)
  eden space 4096K, 100% used [0x00000000d5580000,0x00000000d5980000,0x00000000d5980000)
  from space 512K, 100% used [0x00000000d5a80000,0x00000000d5b00000,0x00000000d5b00000)
  to   space 512K, 0% used [0x00000000d5b00000,0x00000000d5b00000,0x00000000d5b80000)
 ParOldGen       total 546304K, used 278130K [0x0000000080000000, 0x00000000a1580000, 0x00000000d5580000)
  object space 546304K, 50% used [0x0000000080000000,0x0000000090f9caf0,0x00000000a1580000)
 Metaspace       used 75132K, committed 76736K, reserved 1179648K
  class space    used 7514K, committed 8320K, reserved 1048576K
}
Event: 11850.449 GC heap after
{Heap after GC invocations=1366 (full 4):
 PSYoungGen      total 4608K, used 320K [0x00000000d5580000, 0x00000000d5b80000, 0x0000000100000000)
  eden space 4096K, 0% used [0x00000000d5580000,0x00000000d5580000,0x00000000d5980000)
  from space 512K, 62% used [0x00000000d5b00000,0x00000000d5b50000,0x00000000d5b80000)
  to   space 512K, 0% used [0x00000000d5a80000,0x00000000d5a80000,0x00000000d5b00000)
 ParOldGen       total 546304K, used 278590K [0x0000000080000000, 0x00000000a1580000, 0x00000000d5580000)
  object space 546304K, 50% used [0x0000000080000000,0x000000009100fb00,0x00000000a1580000)
 Metaspace       used 75132K, committed 76736K, reserved 1179648K
  class space    used 7514K, committed 8320K, reserved 1048576K
}
Event: 11850.609 GC heap before
{Heap before GC invocations=1367 (full 4):
 PSYoungGen      total 4608K, used 4416K [0x00000000d5580000, 0x00000000d5b80000, 0x0000000100000000)
  eden space 4096K, 100% used [0x00000000d5580000,0x00000000d5980000,0x00000000d5980000)
  from space 512K, 62% used [0x00000000d5b00000,0x00000000d5b50000,0x00000000d5b80000)
  to   space 512K, 0% used [0x00000000d5a80000,0x00000000d5a80000,0x00000000d5b00000)
 ParOldGen       total 546304K, used 278590K [0x0000000080000000, 0x00000000a1580000, 0x00000000d5580000)
  object space 546304K, 50% used [0x0000000080000000,0x000000009100fb00,0x00000000a1580000)
 Metaspace       used 75144K, committed 76736K, reserved 1179648K
  class space    used 7514K, committed 8320K, reserved 1048576K
}
Event: 11850.613 GC heap after
{Heap after GC invocations=1367 (full 4):
 PSYoungGen      total 4608K, used 384K [0x00000000d5580000, 0x00000000d5b80000, 0x0000000100000000)
  eden space 4096K, 0% used [0x00000000d5580000,0x00000000d5580000,0x00000000d5980000)
  from space 512K, 75% used [0x00000000d5a80000,0x00000000d5ae0000,0x00000000d5b00000)
  to   space 512K, 0% used [0x00000000d5b00000,0x00000000d5b00000,0x00000000d5b80000)
 ParOldGen       total 546304K, used 278750K [0x0000000080000000, 0x00000000a1580000, 0x00000000d5580000)
  object space 546304K, 51% used [0x0000000080000000,0x0000000091037b00,0x00000000a1580000)
 Metaspace       used 75144K, committed 76736K, reserved 1179648K
  class space    used 7514K, committed 8320K, reserved 1048576K
}

