# JRE version: OpenJDK Runtime Environment Temurin-21.0.10+7 (21.0.10+7) (build 21.0.10+7-LTS)
# Java VM: OpenJDK 64-Bit Server VM Temurin-21.0.10+7 (21.0.10+7-LTS, mixed mode, sharing, tiered, compressed oops, compressed class ptrs, parallel gc, windows-amd64)
GC Precious Log:
 CardTable entry size: 512
 CPUs: 12 total, 12 available
 Memory: 8016M
 Large Page Support: Disabled
 NUMA Support: Disabled
 Compressed Oops: Enabled (32-bit)
 Alignments: Space 512K, Generation 512K, Heap 2M
 Heap Min Capacity: 100M
 Heap Initial Capacity: 100M
 Heap Max Capacity: 2G
 Pre-touch: Disabled
 Parallel Workers: 10
Heap:
 PSYoungGen      total 12288K, used 3633K [0x00000000d5580000, 0x00000000d6580000, 0x0000000100000000)
  eden space 8192K, 15% used [0x00000000d5580000,0x00000000d56bc7d8,0x00000000d5d80000)
  from space 4096K, 57% used [0x00000000d5d80000,0x00000000d5fd0000,0x00000000d6180000)
  to   space 3072K, 0% used [0x00000000d6280000,0x00000000d6280000,0x00000000d6580000)
 ParOldGen       total 114176K, used 113991K [0x0000000080000000, 0x0000000086f80000, 0x00000000d5580000)
  object space 114176K, 99% used [0x0000000080000000,0x0000000086f51f20,0x0000000086f80000)
 Metaspace       used 66997K, committed 68544K, reserved 1114112K
  class space    used 7049K, committed 7680K, reserved 1048576K
GC Heap History (20 events):
Event: 499.981 GC heap after
{Heap after GC invocations=147 (full 3):
 PSYoungGen      total 11776K, used 2048K [0x00000000d5580000, 0x00000000d6b00000, 0x0000000100000000)
  eden space 9728K, 0% used [0x00000000d5580000,0x00000000d5580000,0x00000000d5f00000)
  from space 2048K, 100% used [0x00000000d6400000,0x00000000d6600000,0x00000000d6600000)
  to   space 5120K, 0% used [0x00000000d5f00000,0x00000000d5f00000,0x00000000d6400000)
 ParOldGen       total 107008K, used 107000K [0x0000000080000000, 0x0000000086880000, 0x00000000d5580000)
  object space 107008K, 99% used [0x0000000080000000,0x000000008687e1b0,0x0000000086880000)
 Metaspace       used 66861K, committed 68352K, reserved 1114112K
  class space    used 7048K, committed 7680K, reserved 1048576K
}
Event: 500.124 GC heap before
{Heap before GC invocations=148 (full 3):
 PSYoungGen      total 11776K, used 11776K [0x00000000d5580000, 0x00000000d6b00000, 0x0000000100000000)
  eden space 9728K, 100% used [0x00000000d5580000,0x00000000d5f00000,0x00000000d5f00000)
  from space 2048K, 100% used [0x00000000d6400000,0x00000000d6600000,0x00000000d6600000)
  to   space 5120K, 0% used [0x00000000d5f00000,0x00000000d5f00000,0x00000000d6400000)
 ParOldGen       total 107008K, used 107000K [0x0000000080000000, 0x0000000086880000, 0x00000000d5580000)
  object space 107008K, 99% used [0x0000000080000000,0x000000008687e1b0,0x0000000086880000)
 Metaspace       used 66888K, committed 68416K, reserved 1114112K
  class space    used 7048K, committed 7680K, reserved 1048576K
}
Event: 500.133 GC heap after
{Heap after GC invocations=148 (full 3):
 PSYoungGen      total 10752K, used 960K [0x00000000d5580000, 0x00000000d6480000, 0x0000000100000000)
  eden space 9728K, 0% used [0x00000000d5580000,0x00000000d5580000,0x00000000d5f00000)
  from space 1024K, 93% used [0x00000000d5f00000,0x00000000d5ff0000,0x00000000d6000000)
  to   space 2560K, 0% used [0x00000000d6200000,0x00000000d6200000,0x00000000d6480000)
 ParOldGen       total 107520K, used 107364K [0x0000000080000000, 0x0000000086900000, 0x00000000d5580000)
  object space 107520K, 99% used [0x0000000080000000,0x00000000868d92e8,0x0000000086900000)
 Metaspace       used 66888K, committed 68416K, reserved 1114112K
  class space    used 7048K, committed 7680K, reserved 1048576K
}
Event: 500.254 GC heap before
{Heap before GC invocations=149 (full 3):
 PSYoungGen      total 10752K, used 10687K [0x00000000d5580000, 0x00000000d6480000, 0x0000000100000000)
  eden space 9728K, 99% used [0x00000000d5580000,0x00000000d5effff8,0x00000000d5f00000)
  from space 1024K, 93% used [0x00000000d5f00000,0x00000000d5ff0000,0x00000000d6000000)
  to   space 2560K, 0% used [0x00000000d6200000,0x00000000d6200000,0x00000000d6480000)
 ParOldGen       total 107520K, used 107364K [0x0000000080000000, 0x0000000086900000, 0x00000000d5580000)
  object space 107520K, 99% used [0x0000000080000000,0x00000000868d92e8,0x0000000086900000)
 Metaspace       used 66916K, committed 68480K, reserved 1114112K
  class space    used 7048K, committed 7680K, reserved 1048576K
}
Event: 500.257 GC heap after
{Heap after GC invocations=149 (full 3):
 PSYoungGen      total 12288K, used 2528K [0x00000000d5580000, 0x00000000d6500000, 0x0000000100000000)
  eden space 9728K, 0% used [0x00000000d5580000,0x00000000d5580000,0x00000000d5f00000)
  from space 2560K, 98% used [0x00000000d6200000,0x00000000d6478000,0x00000000d6480000)
  to   space 3072K, 0% used [0x00000000d5f00000,0x00000000d5f00000,0x00000000d6200000)
 ParOldGen       total 108544K, used 108153K [0x0000000080000000, 0x0000000086a00000, 0x00000000d5580000)
  object space 108544K, 99% used [0x0000000080000000,0x000000008699e708,0x0000000086a00000)
 Metaspace       used 66916K, committed 68480K, reserved 1114112K
  class space    used 7048K, committed 7680K, reserved 1048576K
}
Event: 500.383 GC heap before
{Heap before GC invocations=150 (full 3):
 PSYoungGen      total 12288K, used 12255K [0x00000000d5580000, 0x00000000d6500000, 0x0000000100000000)
  eden space 9728K, 99% used [0x00000000d5580000,0x00000000d5efffd0,0x00000000d5f00000)
  from space 2560K, 98% used [0x00000000d6200000,0x00000000d6478000,0x00000000d6480000)
  to   space 3072K, 0% used [0x00000000d5f00000,0x00000000d5f00000,0x00000000d6200000)
 ParOldGen       total 108544K, used 108153K [0x0000000080000000, 0x0000000086a00000, 0x00000000d5580000)
  object space 108544K, 99% used [0x0000000080000000,0x000000008699e708,0x0000000086a00000)
 Metaspace       used 66929K, committed 68480K, reserved 1114112K
  class space    used 7048K, committed 7680K, reserved 1048576K
}
Event: 500.388 GC heap after
{Heap after GC invocations=150 (full 3):
 PSYoungGen      total 12800K, used 3072K [0x00000000d5580000, 0x00000000d6800000, 0x0000000100000000)
  eden space 9728K, 0% used [0x00000000d5580000,0x00000000d5580000,0x00000000d5f00000)
  from space 3072K, 100% used [0x00000000d5f00000,0x00000000d6200000,0x00000000d6200000)
  to   space 4608K, 0% used [0x00000000d6380000,0x00000000d6380000,0x00000000d6800000)
 ParOldGen       total 109568K, used 109138K [0x0000000080000000, 0x0000000086b00000, 0x00000000d5580000)
  object space 109568K, 99% used [0x0000000080000000,0x0000000086a949f0,0x0000000086b00000)
 Metaspace       used 66929K, committed 68480K, reserved 1114112K
  class space    used 7048K, committed 7680K, reserved 1048576K
}
Event: 500.561 GC heap before
{Heap before GC invocations=151 (full 3):
 PSYoungGen      total 12800K, used 12800K [0x00000000d5580000, 0x00000000d6800000, 0x0000000100000000)
  eden space 9728K, 100% used [0x00000000d5580000,0x00000000d5f00000,0x00000000d5f00000)
  from space 3072K, 100% used [0x00000000d5f00000,0x00000000d6200000,0x00000000d6200000)
  to   space 4608K, 0% used [0x00000000d6380000,0x00000000d6380000,0x00000000d6800000)
 ParOldGen       total 109568K, used 109138K [0x0000000080000000, 0x0000000086b00000, 0x00000000d5580000)
  object space 109568K, 99% used [0x0000000080000000,0x0000000086a949f0,0x0000000086b00000)
 Metaspace       used 66937K, committed 68480K, reserved 1114112K
  class space    used 7048K, committed 7680K, reserved 1048576K
}
Event: 500.565 GC heap after
{Heap after GC invocations=151 (full 3):
 PSYoungGen      total 11264K, used 1184K [0x00000000d5580000, 0x00000000d6500000, 0x0000000100000000)
  eden space 9728K, 0% used [0x00000000d5580000,0x00000000d5580000,0x00000000d5f00000)
  from space 1536K, 77% used [0x00000000d6380000,0x00000000d64a8000,0x00000000d6500000)
  to   space 2560K, 0% used [0x00000000d6000000,0x00000000d6000000,0x00000000d6280000)
 ParOldGen       total 109568K, used 109530K [0x0000000080000000, 0x0000000086b00000, 0x00000000d5580000)
  object space 109568K, 99% used [0x0000000080000000,0x0000000086af6bb8,0x0000000086b00000)
 Metaspace       used 66937K, committed 68480K, reserved 1114112K
  class space    used 7048K, committed 7680K, reserved 1048576K
}
Event: 500.667 GC heap before
{Heap before GC invocations=152 (full 3):
 PSYoungGen      total 11264K, used 10912K [0x00000000d5580000, 0x00000000d6500000, 0x0000000100000000)
  eden space 9728K, 100% used [0x00000000d5580000,0x00000000d5f00000,0x00000000d5f00000)
  from space 1536K, 77% used [0x00000000d6380000,0x00000000d64a8000,0x00000000d6500000)
  to   space 2560K, 0% used [0x00000000d6000000,0x00000000d6000000,0x00000000d6280000)
 ParOldGen       total 109568K, used 109530K [0x0000000080000000, 0x0000000086b00000, 0x00000000d5580000)
  object space 109568K, 99% used [0x0000000080000000,0x0000000086af6bb8,0x0000000086b00000)
 Metaspace       used 66959K, committed 68544K, reserved 1114112K
  class space    used 7048K, committed 7680K, reserved 1048576K
}
Event: 500.671 GC heap after
{Heap after GC invocations=152 (full 3):
 PSYoungGen      total 12288K, used 2560K [0x00000000d5580000, 0x00000000d6700000, 0x0000000100000000)
  eden space 9728K, 0% used [0x00000000d5580000,0x00000000d5580000,0x00000000d5f00000)
  from space 2560K, 100% used [0x00000000d6000000,0x00000000d6280000,0x00000000d6280000)
  to   space 4096K, 0% used [0x00000000d6300000,0x00000000d6300000,0x00000000d6700000)
 ParOldGen       total 110592K, used 110407K [0x0000000080000000, 0x0000000086c00000, 0x00000000d5580000)
  object space 110592K, 99% used [0x0000000080000000,0x0000000086bd1eb8,0x0000000086c00000)
 Metaspace       used 66959K, committed 68544K, reserved 1114112K
  class space    used 7048K, committed 7680K, reserved 1048576K
}
Event: 500.760 GC heap before
{Heap before GC invocations=153 (full 3):
 PSYoungGen      total 12288K, used 12288K [0x00000000d5580000, 0x00000000d6700000, 0x0000000100000000)
  eden space 9728K, 100% used [0x00000000d5580000,0x00000000d5f00000,0x00000000d5f00000)
  from space 2560K, 100% used [0x00000000d6000000,0x00000000d6280000,0x00000000d6280000)
  to   space 4096K, 0% used [0x00000000d6300000,0x00000000d6300000,0x00000000d6700000)
 ParOldGen       total 110592K, used 110407K [0x0000000080000000, 0x0000000086c00000, 0x00000000d5580000)
  object space 110592K, 99% used [0x0000000080000000,0x0000000086bd1eb8,0x0000000086c00000)
 Metaspace       used 66961K, committed 68544K, reserved 1114112K
  class space    used 7049K, committed 7680K, reserved 1048576K
}
Event: 500.762 GC heap after
{Heap after GC invocations=153 (full 3):
 PSYoungGen      total 10752K, used 608K [0x00000000d5580000, 0x00000000d6400000, 0x0000000100000000)
  eden space 9728K, 0% used [0x00000000d5580000,0x00000000d5580000,0x00000000d5f00000)
  from space 1024K, 59% used [0x00000000d6300000,0x00000000d6398000,0x00000000d6400000)
  to   space 2048K, 0% used [0x00000000d6000000,0x00000000d6000000,0x00000000d6200000)
 ParOldGen       total 111104K, used 110683K [0x0000000080000000, 0x0000000086c80000, 0x00000000d5580000)
  object space 111104K, 99% used [0x0000000080000000,0x0000000086c16fd8,0x0000000086c80000)
 Metaspace       used 66961K, committed 68544K, reserved 1114112K
  class space    used 7049K, committed 7680K, reserved 1048576K
}
Event: 500.857 GC heap before
{Heap before GC invocations=154 (full 3):
 PSYoungGen      total 10752K, used 10335K [0x00000000d5580000, 0x00000000d6400000, 0x0000000100000000)
  eden space 9728K, 99% used [0x00000000d5580000,0x00000000d5efffe8,0x00000000d5f00000)
  from space 1024K, 59% used [0x00000000d6300000,0x00000000d6398000,0x00000000d6400000)
  to   space 2048K, 0% used [0x00000000d6000000,0x00000000d6000000,0x00000000d6200000)
 ParOldGen       total 111104K, used 110683K [0x0000000080000000, 0x0000000086c80000, 0x00000000d5580000)
  object space 111104K, 99% used [0x0000000080000000,0x0000000086c16fd8,0x0000000086c80000)
 Metaspace       used 66988K, committed 68544K, reserved 1114112K
  class space    used 7049K, committed 7680K, reserved 1048576K
}
Event: 500.860 GC heap after
{Heap after GC invocations=154 (full 3):
 PSYoungGen      total 11776K, used 2048K [0x00000000d5580000, 0x00000000d6500000, 0x0000000100000000)
  eden space 9728K, 0% used [0x00000000d5580000,0x00000000d5580000,0x00000000d5f00000)
  from space 2048K, 100% used [0x00000000d6000000,0x00000000d6200000,0x00000000d6200000)
  to   space 3072K, 0% used [0x00000000d6200000,0x00000000d6200000,0x00000000d6500000)
 ParOldGen       total 111616K, used 111279K [0x0000000080000000, 0x0000000086d00000, 0x00000000d5580000)
  object space 111616K, 99% used [0x0000000080000000,0x0000000086cabe80,0x0000000086d00000)
 Metaspace       used 66988K, committed 68544K, reserved 1114112K
  class space    used 7049K, committed 7680K, reserved 1048576K
}
Event: 500.942 GC heap before
{Heap before GC invocations=155 (full 3):
 PSYoungGen      total 11776K, used 11776K [0x00000000d5580000, 0x00000000d6500000, 0x0000000100000000)
  eden space 9728K, 100% used [0x00000000d5580000,0x00000000d5f00000,0x00000000d5f00000)
  from space 2048K, 100% used [0x00000000d6000000,0x00000000d6200000,0x00000000d6200000)
  to   space 3072K, 0% used [0x00000000d6200000,0x00000000d6200000,0x00000000d6500000)
 ParOldGen       total 111616K, used 111279K [0x0000000080000000, 0x0000000086d00000, 0x00000000d5580000)
  object space 111616K, 99% used [0x0000000080000000,0x0000000086cabe80,0x0000000086d00000)
 Metaspace       used 66993K, committed 68544K, reserved 1114112K
  class space    used 7049K, committed 7680K, reserved 1048576K
}
Event: 500.948 GC heap after
{Heap after GC invocations=155 (full 3):
 PSYoungGen      total 11264K, used 3072K [0x00000000d5580000, 0x00000000d6800000, 0x0000000100000000)
  eden space 8192K, 0% used [0x00000000d5580000,0x00000000d5580000,0x00000000d5d80000)
  from space 3072K, 100% used [0x00000000d6200000,0x00000000d6500000,0x00000000d6500000)
  to   space 4608K, 0% used [0x00000000d5d80000,0x00000000d5d80000,0x00000000d6200000)
 ParOldGen       total 112640K, used 112420K [0x0000000080000000, 0x0000000086e00000, 0x00000000d5580000)
  object space 112640K, 99% used [0x0000000080000000,0x0000000086dc9060,0x0000000086e00000)
 Metaspace       used 66993K, committed 68544K, reserved 1114112K
  class space    used 7049K, committed 7680K, reserved 1048576K
}
Event: 500.991 GC heap before
{Heap before GC invocations=156 (full 3):
 PSYoungGen      total 11264K, used 11264K [0x00000000d5580000, 0x00000000d6800000, 0x0000000100000000)
  eden space 8192K, 100% used [0x00000000d5580000,0x00000000d5d80000,0x00000000d5d80000)
  from space 3072K, 100% used [0x00000000d6200000,0x00000000d6500000,0x00000000d6500000)
  to   space 4608K, 0% used [0x00000000d5d80000,0x00000000d5d80000,0x00000000d6200000)
 ParOldGen       total 112640K, used 112420K [0x0000000080000000, 0x0000000086e00000, 0x00000000d5580000)
  object space 112640K, 99% used [0x0000000080000000,0x0000000086dc9060,0x0000000086e00000)
 Metaspace       used 66995K, committed 68544K, reserved 1114112K
  class space    used 7049K, committed 7680K, reserved 1048576K
}
Event: 500.995 GC heap after
{Heap after GC invocations=156 (full 3):
 PSYoungGen      total 12288K, used 4015K [0x00000000d5580000, 0x00000000d6580000, 0x0000000100000000)
  eden space 8192K, 0% used [0x00000000d5580000,0x00000000d5580000,0x00000000d5d80000)
  from space 4096K, 98% used [0x00000000d5d80000,0x00000000d616bec8,0x00000000d6180000)
  to   space 4096K, 0% used [0x00000000d6180000,0x00000000d6180000,0x00000000d6580000)
 ParOldGen       total 113152K, used 112836K [0x0000000080000000, 0x0000000086e80000, 0x00000000d5580000)
  object space 113152K, 99% used [0x0000000080000000,0x0000000086e31240,0x0000000086e80000)
 Metaspace       used 66995K, committed 68544K, reserved 1114112K
  class space    used 7049K, committed 7680K, reserved 1048576K
}
Event: 501.101 GC heap before
{Heap before GC invocations=157 (full 3):
 PSYoungGen      total 12288K, used 12207K [0x00000000d5580000, 0x00000000d6580000, 0x0000000100000000)
  eden space 8192K, 99% used [0x00000000d5580000,0x00000000d5d7fff0,0x00000000d5d80000)
  from space 4096K, 98% used [0x00000000d5d80000,0x00000000d616bec8,0x00000000d6180000)
  to   space 4096K, 0% used [0x00000000d6180000,0x00000000d6180000,0x00000000d6580000)
 ParOldGen       total 113152K, used 112836K [0x0000000080000000, 0x0000000086e80000, 0x00000000d5580000)
  object space 113152K, 99% used [0x0000000080000000,0x0000000086e31240,0x0000000086e80000)
 Metaspace       used 66996K, committed 68544K, reserved 1114112K
  class space    used 7049K, committed 7680K, reserved 1048576K
}

