# JRE version: OpenJDK Runtime Environment Temurin-21.0.10+7 (21.0.10+7) (build 21.0.10+7-LTS)
# Java VM: OpenJDK 64-Bit Server VM Temurin-21.0.10+7 (21.0.10+7-LTS, mixed mode, sharing, tiered, compressed oops, compressed class ptrs, parallel gc, windows-amd64)
GC Precious Log:
 CardTable entry size: 512
 CPUs: 12 total, 12 available
 Memory: 8016M
 Large Page Support: Disabled
 NUMA Support: Disabled
 Compressed Oops: Enabled (32-bit)
 Alignments: Space 512K, Generation 512K, Heap 2M
 Heap Min Capacity: 100M
 Heap Initial Capacity: 100M
 Heap Max Capacity: 2G
 Pre-touch: Disabled
 Parallel Workers: 10
Heap:
 PSYoungGen      total 4608K, used 1378K [0x00000000d5580000, 0x00000000d5c80000, 0x0000000100000000)
  eden space 4096K, 21% used [0x00000000d5580000,0x00000000d5658858,0x00000000d5980000)
  from space 512K, 100% used [0x00000000d5980000,0x00000000d5a00000,0x00000000d5a00000)
  to   space 1536K, 0% used [0x00000000d5b00000,0x00000000d5b00000,0x00000000d5c80000)
 ParOldGen       total 154112K, used 112594K [0x0000000080000000, 0x0000000089680000, 0x00000000d5580000)
  object space 154112K, 73% used [0x0000000080000000,0x0000000086df4830,0x0000000089680000)
 Metaspace       used 75357K, committed 77056K, reserved 1179648K
  class space    used 7683K, committed 8448K, reserved 1048576K
GC Heap History (20 events):
Event: 5284.019 GC heap before
{Heap before GC invocations=200 (full 4):
 PSYoungGen      total 2560K, used 1888K [0x00000000d5580000, 0x00000000d5880000, 0x0000000100000000)
  eden space 1536K, 100% used [0x00000000d5580000,0x00000000d5700000,0x00000000d5700000)
  from space 1024K, 34% used [0x00000000d5700000,0x00000000d5758000,0x00000000d5800000)
  to   space 512K, 0% used [0x00000000d5800000,0x00000000d5800000,0x00000000d5880000)
 ParOldGen       total 154112K, used 110286K [0x0000000080000000, 0x0000000089680000, 0x00000000d5580000)
  object space 154112K, 71% used [0x0000000080000000,0x0000000086bb3860,0x0000000089680000)
 Metaspace       used 75292K, committed 76992K, reserved 1179648K
  class space    used 7683K, committed 8448K, reserved 1048576K
}
Event: 5284.042 GC heap after
{Heap after GC invocations=200 (full 4):
 PSYoungGen      total 2560K, used 256K [0x00000000d5580000, 0x00000000d5880000, 0x0000000100000000)
  eden space 2048K, 0% used [0x00000000d5580000,0x00000000d5580000,0x00000000d5780000)
  from space 512K, 50% used [0x00000000d5800000,0x00000000d5840000,0x00000000d5880000)
  to   space 512K, 0% used [0x00000000d5780000,0x00000000d5780000,0x00000000d5800000)
 ParOldGen       total 154112K, used 110518K [0x0000000080000000, 0x0000000089680000, 0x00000000d5580000)
  object space 154112K, 71% used [0x0000000080000000,0x0000000086bed860,0x0000000089680000)
 Metaspace       used 75292K, committed 76992K, reserved 1179648K
  class space    used 7683K, committed 8448K, reserved 1048576K
}
Event: 5284.049 GC heap before
{Heap before GC invocations=201 (full 4):
 PSYoungGen      total 2560K, used 2304K [0x00000000d5580000, 0x00000000d5880000, 0x0000000100000000)
  eden space 2048K, 100% used [0x00000000d5580000,0x00000000d5780000,0x00000000d5780000)
  from space 512K, 50% used [0x00000000d5800000,0x00000000d5840000,0x00000000d5880000)
  to   space 512K, 0% used [0x00000000d5780000,0x00000000d5780000,0x00000000d5800000)
 ParOldGen       total 154112K, used 110518K [0x0000000080000000, 0x0000000089680000, 0x00000000d5580000)
  object space 154112K, 71% used [0x0000000080000000,0x0000000086bed860,0x0000000089680000)
 Metaspace       used 75292K, committed 76992K, reserved 1179648K
  class space    used 7683K, committed 8448K, reserved 1048576K
}
Event: 5284.051 GC heap after
{Heap after GC invocations=201 (full 4):
 PSYoungGen      total 2560K, used 352K [0x00000000d5580000, 0x00000000d5900000, 0x0000000100000000)
  eden space 2048K, 0% used [0x00000000d5580000,0x00000000d5580000,0x00000000d5780000)
  from space 512K, 68% used [0x00000000d5780000,0x00000000d57d8000,0x00000000d5800000)
  to   space 512K, 0% used [0x00000000d5880000,0x00000000d5880000,0x00000000d5900000)
 ParOldGen       total 154112K, used 110598K [0x0000000080000000, 0x0000000089680000, 0x00000000d5580000)
  object space 154112K, 71% used [0x0000000080000000,0x0000000086c01860,0x0000000089680000)
 Metaspace       used 75292K, committed 76992K, reserved 1179648K
  class space    used 7683K, committed 8448K, reserved 1048576K
}
Event: 5284.066 GC heap before
{Heap before GC invocations=202 (full 4):
 PSYoungGen      total 2560K, used 2400K [0x00000000d5580000, 0x00000000d5900000, 0x0000000100000000)
  eden space 2048K, 100% used [0x00000000d5580000,0x00000000d5780000,0x00000000d5780000)
  from space 512K, 68% used [0x00000000d5780000,0x00000000d57d8000,0x00000000d5800000)
  to   space 512K, 0% used [0x00000000d5880000,0x00000000d5880000,0x00000000d5900000)
 ParOldGen       total 154112K, used 110598K [0x0000000080000000, 0x0000000089680000, 0x00000000d5580000)
  object space 154112K, 71% used [0x0000000080000000,0x0000000086c01860,0x0000000089680000)
 Metaspace       used 75292K, committed 76992K, reserved 1179648K
  class space    used 7683K, committed 8448K, reserved 1048576K
}
Event: 5284.068 GC heap after
{Heap after GC invocations=202 (full 4):
 PSYoungGen      total 3072K, used 320K [0x00000000d5580000, 0x00000000d5900000, 0x0000000100000000)
  eden space 2560K, 0% used [0x00000000d5580000,0x00000000d5580000,0x00000000d5800000)
  from space 512K, 62% used [0x00000000d5880000,0x00000000d58d0000,0x00000000d5900000)
  to   space 512K, 0% used [0x00000000d5800000,0x00000000d5800000,0x00000000d5880000)
 ParOldGen       total 154112K, used 110770K [0x0000000080000000, 0x0000000089680000, 0x00000000d5580000)
  object space 154112K, 71% used [0x0000000080000000,0x0000000086c2c938,0x0000000089680000)
 Metaspace       used 75292K, committed 76992K, reserved 1179648K
  class space    used 7683K, committed 8448K, reserved 1048576K
}
Event: 5284.074 GC heap before
{Heap before GC invocations=203 (full 4):
 PSYoungGen      total 3072K, used 2880K [0x00000000d5580000, 0x00000000d5900000, 0x0000000100000000)
  eden space 2560K, 100% used [0x00000000d5580000,0x00000000d5800000,0x00000000d5800000)
  from space 512K, 62% used [0x00000000d5880000,0x00000000d58d0000,0x00000000d5900000)
  to   space 512K, 0% used [0x00000000d5800000,0x00000000d5800000,0x00000000d5880000)
 ParOldGen       total 154112K, used 110770K [0x0000000080000000, 0x0000000089680000, 0x00000000d5580000)
  object space 154112K, 71% used [0x0000000080000000,0x0000000086c2c938,0x0000000089680000)
 Metaspace       used 75292K, committed 76992K, reserved 1179648K
  class space    used 7683K, committed 8448K, reserved 1048576K
}
Event: 5284.076 GC heap after
{Heap after GC invocations=203 (full 4):
 PSYoungGen      total 3072K, used 320K [0x00000000d5580000, 0x00000000d5980000, 0x0000000100000000)
  eden space 2560K, 0% used [0x00000000d5580000,0x00000000d5580000,0x00000000d5800000)
  from space 512K, 62% used [0x00000000d5800000,0x00000000d5850000,0x00000000d5880000)
  to   space 512K, 0% used [0x00000000d5900000,0x00000000d5900000,0x00000000d5980000)
 ParOldGen       total 154112K, used 111002K [0x0000000080000000, 0x0000000089680000, 0x00000000d5580000)
  object space 154112K, 72% used [0x0000000080000000,0x0000000086c66958,0x0000000089680000)
 Metaspace       used 75292K, committed 76992K, reserved 1179648K
  class space    used 7683K, committed 8448K, reserved 1048576K
}
Event: 5284.090 GC heap before
{Heap before GC invocations=204 (full 4):
 PSYoungGen      total 3072K, used 2880K [0x00000000d5580000, 0x00000000d5980000, 0x0000000100000000)
  eden space 2560K, 100% used [0x00000000d5580000,0x00000000d5800000,0x00000000d5800000)
  from space 512K, 62% used [0x00000000d5800000,0x00000000d5850000,0x00000000d5880000)
  to   space 512K, 0% used [0x00000000d5900000,0x00000000d5900000,0x00000000d5980000)
 ParOldGen       total 154112K, used 111002K [0x0000000080000000, 0x0000000089680000, 0x00000000d5580000)
  object space 154112K, 72% used [0x0000000080000000,0x0000000086c66958,0x0000000089680000)
 Metaspace       used 75292K, committed 76992K, reserved 1179648K
  class space    used 7683K, committed 8448K, reserved 1048576K
}
Event: 5284.094 GC heap after
{Heap after GC invocations=204 (full 4):
 PSYoungGen      total 3584K, used 368K [0x00000000d5580000, 0x00000000d5980000, 0x0000000100000000)
  eden space 3072K, 0% used [0x00000000d5580000,0x00000000d5580000,0x00000000d5880000)
  from space 512K, 71% used [0x00000000d5900000,0x00000000d595c010,0x00000000d5980000)
  to   space 512K, 0% used [0x00000000d5880000,0x00000000d5880000,0x00000000d5900000)
 ParOldGen       total 154112K, used 111170K [0x0000000080000000, 0x0000000089680000, 0x00000000d5580000)
  object space 154112K, 72% used [0x0000000080000000,0x0000000086c90958,0x0000000089680000)
 Metaspace       used 75292K, committed 76992K, reserved 1179648K
  class space    used 7683K, committed 8448K, reserved 1048576K
}
Event: 5284.102 GC heap before
{Heap before GC invocations=205 (full 4):
 PSYoungGen      total 3584K, used 3440K [0x00000000d5580000, 0x00000000d5980000, 0x0000000100000000)
  eden space 3072K, 100% used [0x00000000d5580000,0x00000000d5880000,0x00000000d5880000)
  from space 512K, 71% used [0x00000000d5900000,0x00000000d595c010,0x00000000d5980000)
  to   space 512K, 0% used [0x00000000d5880000,0x00000000d5880000,0x00000000d5900000)
 ParOldGen       total 154112K, used 111170K [0x0000000080000000, 0x0000000089680000, 0x00000000d5580000)
  object space 154112K, 72% used [0x0000000080000000,0x0000000086c90958,0x0000000089680000)
 Metaspace       used 75294K, committed 76992K, reserved 1179648K
  class space    used 7683K, committed 8448K, reserved 1048576K
}
Event: 5284.104 GC heap after
{Heap after GC invocations=205 (full 4):
 PSYoungGen      total 3584K, used 368K [0x00000000d5580000, 0x00000000d5a80000, 0x0000000100000000)
  eden space 3072K, 0% used [0x00000000d5580000,0x00000000d5580000,0x00000000d5880000)
  from space 512K, 71% used [0x00000000d5880000,0x00000000d58dc010,0x00000000d5900000)
  to   space 512K, 0% used [0x00000000d5a00000,0x00000000d5a00000,0x00000000d5a80000)
 ParOldGen       total 154112K, used 111394K [0x0000000080000000, 0x0000000089680000, 0x00000000d5580000)
  object space 154112K, 72% used [0x0000000080000000,0x0000000086cc8978,0x0000000089680000)
 Metaspace       used 75294K, committed 76992K, reserved 1179648K
  class space    used 7683K, committed 8448K, reserved 1048576K
}
Event: 5284.113 GC heap before
{Heap before GC invocations=206 (full 4):
 PSYoungGen      total 3584K, used 3440K [0x00000000d5580000, 0x00000000d5a80000, 0x0000000100000000)
  eden space 3072K, 100% used [0x00000000d5580000,0x00000000d5880000,0x00000000d5880000)
  from space 512K, 71% used [0x00000000d5880000,0x00000000d58dc010,0x00000000d5900000)
  to   space 512K, 0% used [0x00000000d5a00000,0x00000000d5a00000,0x00000000d5a80000)
 ParOldGen       total 154112K, used 111394K [0x0000000080000000, 0x0000000089680000, 0x00000000d5580000)
  object space 154112K, 72% used [0x0000000080000000,0x0000000086cc8978,0x0000000089680000)
 Metaspace       used 75295K, committed 76992K, reserved 1179648K
  class space    used 7683K, committed 8448K, reserved 1048576K
}
Event: 5284.115 GC heap after
{Heap after GC invocations=206 (full 4):
 PSYoungGen      total 4608K, used 352K [0x00000000d5580000, 0x00000000d5a80000, 0x0000000100000000)
  eden space 4096K, 0% used [0x00000000d5580000,0x00000000d5580000,0x00000000d5980000)
  from space 512K, 68% used [0x00000000d5a00000,0x00000000d5a58000,0x00000000d5a80000)
  to   space 512K, 0% used [0x00000000d5980000,0x00000000d5980000,0x00000000d5a00000)
 ParOldGen       total 154112K, used 111650K [0x0000000080000000, 0x0000000089680000, 0x00000000d5580000)
  object space 154112K, 72% used [0x0000000080000000,0x0000000086d08998,0x0000000089680000)
 Metaspace       used 75295K, committed 76992K, reserved 1179648K
  class space    used 7683K, committed 8448K, reserved 1048576K
}
Event: 5284.132 GC heap before
{Heap before GC invocations=207 (full 4):
 PSYoungGen      total 4608K, used 4448K [0x00000000d5580000, 0x00000000d5a80000, 0x0000000100000000)
  eden space 4096K, 100% used [0x00000000d5580000,0x00000000d5980000,0x00000000d5980000)
  from space 512K, 68% used [0x00000000d5a00000,0x00000000d5a58000,0x00000000d5a80000)
  to   space 512K, 0% used [0x00000000d5980000,0x00000000d5980000,0x00000000d5a00000)
 ParOldGen       total 154112K, used 111650K [0x0000000080000000, 0x0000000089680000, 0x00000000d5580000)
  object space 154112K, 72% used [0x0000000080000000,0x0000000086d08998,0x0000000089680000)
 Metaspace       used 75297K, committed 76992K, reserved 1179648K
  class space    used 7683K, committed 8448K, reserved 1048576K
}
Event: 5284.134 GC heap after
{Heap after GC invocations=207 (full 4):
 PSYoungGen      total 4608K, used 416K [0x00000000d5580000, 0x00000000d5a80000, 0x0000000100000000)
  eden space 4096K, 0% used [0x00000000d5580000,0x00000000d5580000,0x00000000d5980000)
  from space 512K, 81% used [0x00000000d5980000,0x00000000d59e8000,0x00000000d5a00000)
  to   space 512K, 0% used [0x00000000d5a00000,0x00000000d5a00000,0x00000000d5a80000)
 ParOldGen       total 154112K, used 111874K [0x0000000080000000, 0x0000000089680000, 0x00000000d5580000)
  object space 154112K, 72% used [0x0000000080000000,0x0000000086d409b8,0x0000000089680000)
 Metaspace       used 75297K, committed 76992K, reserved 1179648K
  class space    used 7683K, committed 8448K, reserved 1048576K
}
Event: 5284.162 GC heap before
{Heap before GC invocations=208 (full 4):
 PSYoungGen      total 4608K, used 4512K [0x00000000d5580000, 0x00000000d5a80000, 0x0000000100000000)
  eden space 4096K, 100% used [0x00000000d5580000,0x00000000d5980000,0x00000000d5980000)
  from space 512K, 81% used [0x00000000d5980000,0x00000000d59e8000,0x00000000d5a00000)
  to   space 512K, 0% used [0x00000000d5a00000,0x00000000d5a00000,0x00000000d5a80000)
 ParOldGen       total 154112K, used 111874K [0x0000000080000000, 0x0000000089680000, 0x00000000d5580000)
  object space 154112K, 72% used [0x0000000080000000,0x0000000086d409b8,0x0000000089680000)
 Metaspace       used 75302K, committed 76992K, reserved 1179648K
  class space    used 7683K, committed 8448K, reserved 1048576K
}
Event: 5284.165 GC heap after
{Heap after GC invocations=208 (full 4):
 PSYoungGen      total 4608K, used 448K [0x00000000d5580000, 0x00000000d5a80000, 0x0000000100000000)
  eden space 4096K, 0% used [0x00000000d5580000,0x00000000d5580000,0x00000000d5980000)
  from space 512K, 87% used [0x00000000d5a00000,0x00000000d5a70000,0x00000000d5a80000)
  to   space 512K, 0% used [0x00000000d5980000,0x00000000d5980000,0x00000000d5a00000)
 ParOldGen       total 154112K, used 112114K [0x0000000080000000, 0x0000000089680000, 0x00000000d5580000)
  object space 154112K, 72% used [0x0000000080000000,0x0000000086d7c9d8,0x0000000089680000)
 Metaspace       used 75302K, committed 76992K, reserved 1179648K
  class space    used 7683K, committed 8448K, reserved 1048576K
}
Event: 5284.256 GC heap before
{Heap before GC invocations=209 (full 4):
 PSYoungGen      total 4608K, used 4544K [0x00000000d5580000, 0x00000000d5a80000, 0x0000000100000000)
  eden space 4096K, 100% used [0x00000000d5580000,0x00000000d5980000,0x00000000d5980000)
  from space 512K, 87% used [0x00000000d5a00000,0x00000000d5a70000,0x00000000d5a80000)
  to   space 512K, 0% used [0x00000000d5980000,0x00000000d5980000,0x00000000d5a00000)
 ParOldGen       total 154112K, used 112114K [0x0000000080000000, 0x0000000089680000, 0x00000000d5580000)
  object space 154112K, 72% used [0x0000000080000000,0x0000000086d7c9d8,0x0000000089680000)
 Metaspace       used 75314K, committed 76992K, reserved 1179648K
  class space    used 7683K, committed 8448K, reserved 1048576K
}
Event: 5284.265 GC heap after
{Heap after GC invocations=209 (full 4):
 PSYoungGen      total 4608K, used 512K [0x00000000d5580000, 0x00000000d5c80000, 0x0000000100000000)
  eden space 4096K, 0% used [0x00000000d5580000,0x00000000d5580000,0x00000000d5980000)
  from space 512K, 100% used [0x00000000d5980000,0x00000000d5a00000,0x00000000d5a00000)
  to   space 1536K, 0% used [0x00000000d5b00000,0x00000000d5b00000,0x00000000d5c80000)
 ParOldGen       total 154112K, used 112594K [0x0000000080000000, 0x0000000089680000, 0x00000000d5580000)
  object space 154112K, 73% used [0x0000000080000000,0x0000000086df4830,0x0000000089680000)
 Metaspace       used 75314K, committed 76992K, reserved 1179648K
  class space    used 7683K, committed 8448K, reserved 1048576K
}

